# JRE version: OpenJDK Runtime Environment AdoptOpenJDK (11.0.8+10) (build 11.0.8+10)
# Java VM: OpenJDK 64-Bit Server VM AdoptOpenJDK (11.0.8+10, mixed mode, tiered, compressed oops, g1 gc, linux-amd64)
Heap:
 garbage-first heap   total 256000K, used 57069K [0x0000000706000000, 0x0000000800000000)
  region size 1024K, 35 young (35840K), 1 survivors (1024K)
 Metaspace       used 9362K, capacity 9644K, committed 9856K, reserved 1058816K
  class space    used 969K, capacity 1085K, committed 1152K, reserved 1048576K
GC Heap History (20 events):
Event: 371.589 GC heap before
{Heap before GC invocations=87 (full 0):
 garbage-first heap   total 256000K, used 243433K [0x0000000706000000, 0x0000000800000000)
  region size 1024K, 150 young (153600K), 1 survivors (1024K)
 Metaspace       used 9362K, capacity 9644K, committed 9856K, reserved 1058816K
  class space    used 969K, capacity 1085K, committed 1152K, reserved 1048576K
}
Event: 371.591 GC heap after
{Heap after GC invocations=88 (full 0):
 garbage-first heap   total 256000K, used 4839K [0x0000000706000000, 0x0000000800000000)
  region size 1024K, 1 young (1024K), 1 survivors (1024K)
 Metaspace       used 9362K, capacity 9644K, committed 9856K, reserved 1058816K
  class space    used 969K, capacity 1085K, committed 1152K, reserved 1048576K
}
Event: 375.672 GC heap before
{Heap before GC invocations=88 (full 0):
 garbage-first heap   total 256000K, used 243431K [0x0000000706000000, 0x0000000800000000)
  region size 1024K, 150 young (153600K), 1 survivors (1024K)
 Metaspace       used 9362K, capacity 9644K, committed 9856K, reserved 1058816K
  class space    used 969K, capacity 1085K, committed 1152K, reserved 1048576K
}
Event: 375.675 GC heap after
{Heap after GC invocations=89 (full 0):
 garbage-first heap   total 256000K, used 4838K [0x0000000706000000, 0x0000000800000000)
  region size 1024K, 1 young (1024K), 1 survivors (1024K)
 Metaspace       used 9362K, capacity 9644K, committed 9856K, reserved 1058816K
  class space    used 969K, capacity 1085K, committed 1152K, reserved 1048576K
}
Event: 379.611 GC heap before
{Heap before GC invocations=89 (full 0):
 garbage-first heap   total 256000K, used 243430K [0x0000000706000000, 0x0000000800000000)
  region size 1024K, 150 young (153600K), 1 survivors (1024K)
 Metaspace       used 9362K, capacity 9644K, committed 9856K, reserved 1058816K
  class space    used 969K, capacity 1085K, committed 1152K, reserved 1048576K
}
Event: 379.614 GC heap after
{Heap after GC invocations=90 (full 0):
 garbage-first heap   total 256000K, used 4837K [0x0000000706000000, 0x0000000800000000)
  region size 1024K, 1 young (1024K), 1 survivors (1024K)
 Metaspace       used 9362K, capacity 9644K, committed 9856K, reserved 1058816K
  class space    used 969K, capacity 1085K, committed 1152K, reserved 1048576K
}
Event: 383.675 GC heap before
{Heap before GC invocations=90 (full 0):
 garbage-first heap   total 256000K, used 246501K [0x0000000706000000, 0x0000000800000000)
  region size 1024K, 150 young (153600K), 1 survivors (1024K)
 Metaspace       used 9362K, capacity 9644K, committed 9856K, reserved 1058816K
  class space    used 969K, capacity 1085K, committed 1152K, reserved 1048576K
}
Event: 383.677 GC heap after
{Heap after GC invocations=91 (full 0):
 garbage-first heap   total 256000K, used 4837K [0x0000000706000000, 0x0000000800000000)
  region size 1024K, 1 young (1024K), 1 survivors (1024K)
 Metaspace       used 9362K, capacity 9644K, committed 9856K, reserved 1058816K
  class space    used 969K, capacity 1085K, committed 1152K, reserved 1048576K
}
Event: 387.694 GC heap before
{Heap before GC invocations=91 (full 0):
 garbage-first heap   total 256000K, used 243429K [0x0000000706000000, 0x0000000800000000)
  region size 1024K, 150 young (153600K), 1 survivors (1024K)
 Metaspace       used 9362K, capacity 9644K, committed 9856K, reserved 1058816K
  class space    used 969K, capacity 1085K, committed 1152K, reserved 1048576K
}
Event: 387.695 GC heap after
{Heap after GC invocations=92 (full 0):
 garbage-first heap   total 256000K, used 4839K [0x0000000706000000, 0x0000000800000000)
  region size 1024K, 1 young (1024K), 1 survivors (1024K)
 Metaspace       used 9362K, capacity 9644K, committed 9856K, reserved 1058816K
  class space    used 969K, capacity 1085K, committed 1152K, reserved 1048576K
}
Event: 391.649 GC heap before
{Heap before GC invocations=92 (full 0):
 garbage-first heap   total 256000K, used 243431K [0x0000000706000000, 0x0000000800000000)
  region size 1024K, 150 young (153600K), 1 survivors (1024K)
 Metaspace       used 9362K, capacity 9644K, committed 9856K, reserved 1058816K
  class space    used 969K, capacity 1085K, committed 1152K, reserved 1048576K
}
Event: 391.651 GC heap after
{Heap after GC invocations=93 (full 0):
 garbage-first heap   total 256000K, used 4837K [0x0000000706000000, 0x0000000800000000)
  region size 1024K, 1 young (1024K), 1 survivors (1024K)
 Metaspace       used 9362K, capacity 9644K, committed 9856K, reserved 1058816K
  class space    used 969K, capacity 1085K, committed 1152K, reserved 1048576K
}
Event: 395.616 GC heap before
{Heap before GC invocations=93 (full 0):
 garbage-first heap   total 256000K, used 243429K [0x0000000706000000, 0x0000000800000000)
  region size 1024K, 150 young (153600K), 1 survivors (1024K)
 Metaspace       used 9362K, capacity 9644K, committed 9856K, reserved 1058816K
  class space    used 969K, capacity 1085K, committed 1152K, reserved 1048576K
}
Event: 395.618 GC heap after
{Heap after GC invocations=94 (full 0):
 garbage-first heap   total 256000K, used 4837K [0x0000000706000000, 0x0000000800000000)
  region size 1024K, 1 young (1024K), 1 survivors (1024K)
 Metaspace       used 9362K, capacity 9644K, committed 9856K, reserved 1058816K
  class space    used 969K, capacity 1085K, committed 1152K, reserved 1048576K
}
Event: 399.505 GC heap before
{Heap before GC invocations=94 (full 0):
 garbage-first heap   total 256000K, used 243429K [0x0000000706000000, 0x0000000800000000)
  region size 1024K, 150 young (153600K), 1 survivors (1024K)
 Metaspace       used 9362K, capacity 9644K, committed 9856K, reserved 1058816K
  class space    used 969K, capacity 1085K, committed 1152K, reserved 1048576K
}
Event: 399.507 GC heap after
{Heap after GC invocations=95 (full 0):
 garbage-first heap   total 256000K, used 4837K [0x0000000706000000, 0x0000000800000000)
  region size 1024K, 1 young (1024K), 1 survivors (1024K)
 Metaspace       used 9362K, capacity 9644K, committed 9856K, reserved 1058816K
  class space    used 969K, capacity 1085K, committed 1152K, reserved 1048576K
}
Event: 403.425 GC heap before
{Heap before GC invocations=95 (full 0):
 garbage-first heap   total 256000K, used 243429K [0x0000000706000000, 0x0000000800000000)
  region size 1024K, 150 young (153600K), 1 survivors (1024K)
 Metaspace       used 9362K, capacity 9644K, committed 9856K, reserved 1058816K
  class space    used 969K, capacity 1085K, committed 1152K, reserved 1048576K
}
Event: 403.427 GC heap after
{Heap after GC invocations=96 (full 0):
 garbage-first heap   total 256000K, used 4837K [0x0000000706000000, 0x0000000800000000)
  region size 1024K, 1 young (1024K), 1 survivors (1024K)
 Metaspace       used 9362K, capacity 9644K, committed 9856K, reserved 1058816K
  class space    used 969K, capacity 1085K, committed 1152K, reserved 1048576K
}
Event: 407.385 GC heap before
{Heap before GC invocations=96 (full 0):
 garbage-first heap   total 256000K, used 243429K [0x0000000706000000, 0x0000000800000000)
  region size 1024K, 150 young (153600K), 1 survivors (1024K)
 Metaspace       used 9362K, capacity 9644K, committed 9856K, reserved 1058816K
  class space    used 969K, capacity 1085K, committed 1152K, reserved 1048576K
}
Event: 407.387 GC heap after
{Heap after GC invocations=97 (full 0):
 garbage-first heap   total 256000K, used 4845K [0x0000000706000000, 0x0000000800000000)
  region size 1024K, 1 young (1024K), 1 survivors (1024K)
 Metaspace       used 9362K, capacity 9644K, committed 9856K, reserved 1058816K
  class space    used 969K, capacity 1085K, committed 1152K, reserved 1048576K
}

