# JRE version: OpenJDK Runtime Environment AdoptOpenJDK (11.0.8+10) (build 11.0.8+10)
# Java VM: OpenJDK 64-Bit Server VM AdoptOpenJDK (11.0.8+10, mixed mode, tiered, compressed oops, g1 gc, linux-amd64)
Heap:
 garbage-first heap   total 256000K, used 101032K [0x0000000706000000, 0x0000000800000000)
  region size 1024K, 64 young (65536K), 2 survivors (2048K)
 Metaspace       used 9265K, capacity 9544K, committed 9856K, reserved 1058816K
  class space    used 968K, capacity 1053K, committed 1152K, reserved 1048576K
GC Heap History (20 events):
Event: 33.488 GC heap before
{Heap before GC invocations=4 (full 0):
 garbage-first heap   total 256000K, used 239369K [0x0000000706000000, 0x0000000800000000)
  region size 1024K, 150 young (153600K), 2 survivors (2048K)
 Metaspace       used 9096K, capacity 9332K, committed 9600K, reserved 1058816K
  class space    used 966K, capacity 1053K, committed 1152K, reserved 1048576K
}
Event: 33.491 GC heap after
{Heap after GC invocations=5 (full 0):
 garbage-first heap   total 256000K, used 4856K [0x0000000706000000, 0x0000000800000000)
  region size 1024K, 2 young (2048K), 2 survivors (2048K)
 Metaspace       used 9096K, capacity 9332K, committed 9600K, reserved 1058816K
  class space    used 966K, capacity 1053K, committed 1152K, reserved 1048576K
}
Event: 37.405 GC heap before
{Heap before GC invocations=5 (full 0):
 garbage-first heap   total 256000K, used 242424K [0x0000000706000000, 0x0000000800000000)
  region size 1024K, 150 young (153600K), 2 survivors (2048K)
 Metaspace       used 9155K, capacity 9402K, committed 9600K, reserved 1058816K
  class space    used 966K, capacity 1053K, committed 1152K, reserved 1048576K
}
Event: 37.409 GC heap after
{Heap after GC invocations=6 (full 0):
 garbage-first heap   total 256000K, used 4925K [0x0000000706000000, 0x0000000800000000)
  region size 1024K, 2 young (2048K), 2 survivors (2048K)
 Metaspace       used 9155K, capacity 9402K, committed 9600K, reserved 1058816K
  class space    used 966K, capacity 1053K, committed 1152K, reserved 1048576K
}
Event: 41.411 GC heap before
{Heap before GC invocations=6 (full 0):
 garbage-first heap   total 256000K, used 242493K [0x0000000706000000, 0x0000000800000000)
  region size 1024K, 150 young (153600K), 2 survivors (2048K)
 Metaspace       used 9156K, capacity 9402K, committed 9600K, reserved 1058816K
  class space    used 966K, capacity 1053K, committed 1152K, reserved 1048576K
}
Event: 41.413 GC heap after
{Heap after GC invocations=7 (full 0):
 garbage-first heap   total 256000K, used 4825K [0x0000000706000000, 0x0000000800000000)
  region size 1024K, 2 young (2048K), 2 survivors (2048K)
 Metaspace       used 9156K, capacity 9402K, committed 9600K, reserved 1058816K
  class space    used 966K, capacity 1053K, committed 1152K, reserved 1048576K
}
Event: 45.469 GC heap before
{Heap before GC invocations=7 (full 0):
 garbage-first heap   total 256000K, used 242393K [0x0000000706000000, 0x0000000800000000)
  region size 1024K, 150 young (153600K), 2 survivors (2048K)
 Metaspace       used 9173K, capacity 9402K, committed 9600K, reserved 1058816K
  class space    used 968K, capacity 1053K, committed 1152K, reserved 1048576K
}
Event: 45.472 GC heap after
{Heap after GC invocations=8 (full 0):
 garbage-first heap   total 256000K, used 4811K [0x0000000706000000, 0x0000000800000000)
  region size 1024K, 2 young (2048K), 2 survivors (2048K)
 Metaspace       used 9173K, capacity 9402K, committed 9600K, reserved 1058816K
  class space    used 968K, capacity 1053K, committed 1152K, reserved 1048576K
}
Event: 49.493 GC heap before
{Heap before GC invocations=8 (full 0):
 garbage-first heap   total 256000K, used 245451K [0x0000000706000000, 0x0000000800000000)
  region size 1024K, 150 young (153600K), 2 survivors (2048K)
 Metaspace       used 9182K, capacity 9476K, committed 9856K, reserved 1058816K
  class space    used 968K, capacity 1053K, committed 1152K, reserved 1048576K
}
Event: 49.496 GC heap after
{Heap after GC invocations=9 (full 0):
 garbage-first heap   total 256000K, used 4784K [0x0000000706000000, 0x0000000800000000)
  region size 1024K, 2 young (2048K), 2 survivors (2048K)
 Metaspace       used 9182K, capacity 9476K, committed 9856K, reserved 1058816K
  class space    used 968K, capacity 1053K, committed 1152K, reserved 1048576K
}
Event: 53.532 GC heap before
{Heap before GC invocations=9 (full 0):
 garbage-first heap   total 256000K, used 242352K [0x0000000706000000, 0x0000000800000000)
  region size 1024K, 150 young (153600K), 2 survivors (2048K)
 Metaspace       used 9236K, capacity 9476K, committed 9856K, reserved 1058816K
  class space    used 968K, capacity 1053K, committed 1152K, reserved 1048576K
}
Event: 53.537 GC heap after
{Heap after GC invocations=10 (full 0):
 garbage-first heap   total 256000K, used 4796K [0x0000000706000000, 0x0000000800000000)
  region size 1024K, 2 young (2048K), 2 survivors (2048K)
 Metaspace       used 9236K, capacity 9476K, committed 9856K, reserved 1058816K
  class space    used 968K, capacity 1053K, committed 1152K, reserved 1048576K
}
Event: 57.464 GC heap before
{Heap before GC invocations=10 (full 0):
 garbage-first heap   total 256000K, used 242364K [0x0000000706000000, 0x0000000800000000)
  region size 1024K, 150 young (153600K), 2 survivors (2048K)
 Metaspace       used 9248K, capacity 9480K, committed 9856K, reserved 1058816K
  class space    used 968K, capacity 1053K, committed 1152K, reserved 1048576K
}
Event: 57.466 GC heap after
{Heap after GC invocations=11 (full 0):
 garbage-first heap   total 256000K, used 4892K [0x0000000706000000, 0x0000000800000000)
  region size 1024K, 2 young (2048K), 2 survivors (2048K)
 Metaspace       used 9248K, capacity 9480K, committed 9856K, reserved 1058816K
  class space    used 968K, capacity 1053K, committed 1152K, reserved 1048576K
}
Event: 61.331 GC heap before
{Heap before GC invocations=11 (full 0):
 garbage-first heap   total 256000K, used 242460K [0x0000000706000000, 0x0000000800000000)
  region size 1024K, 150 young (153600K), 2 survivors (2048K)
 Metaspace       used 9248K, capacity 9480K, committed 9856K, reserved 1058816K
  class space    used 968K, capacity 1053K, committed 1152K, reserved 1048576K
}
Event: 61.334 GC heap after
{Heap after GC invocations=12 (full 0):
 garbage-first heap   total 256000K, used 4867K [0x0000000706000000, 0x0000000800000000)
  region size 1024K, 2 young (2048K), 2 survivors (2048K)
 Metaspace       used 9248K, capacity 9480K, committed 9856K, reserved 1058816K
  class space    used 968K, capacity 1053K, committed 1152K, reserved 1048576K
}
Event: 65.285 GC heap before
{Heap before GC invocations=12 (full 0):
 garbage-first heap   total 256000K, used 242435K [0x0000000706000000, 0x0000000800000000)
  region size 1024K, 150 young (153600K), 2 survivors (2048K)
 Metaspace       used 9265K, capacity 9544K, committed 9856K, reserved 1058816K
  class space    used 968K, capacity 1053K, committed 1152K, reserved 1048576K
}
Event: 65.288 GC heap after
{Heap after GC invocations=13 (full 0):
 garbage-first heap   total 256000K, used 4860K [0x0000000706000000, 0x0000000800000000)
  region size 1024K, 2 young (2048K), 2 survivors (2048K)
 Metaspace       used 9265K, capacity 9544K, committed 9856K, reserved 1058816K
  class space    used 968K, capacity 1053K, committed 1152K, reserved 1048576K
}
Event: 69.283 GC heap before
{Heap before GC invocations=13 (full 0):
 garbage-first heap   total 256000K, used 242428K [0x0000000706000000, 0x0000000800000000)
  region size 1024K, 150 young (153600K), 2 survivors (2048K)
 Metaspace       used 9265K, capacity 9544K, committed 9856K, reserved 1058816K
  class space    used 968K, capacity 1053K, committed 1152K, reserved 1048576K
}
Event: 69.286 GC heap after
{Heap after GC invocations=14 (full 0):
 garbage-first heap   total 256000K, used 4776K [0x0000000706000000, 0x0000000800000000)
  region size 1024K, 2 young (2048K), 2 survivors (2048K)
 Metaspace       used 9265K, capacity 9544K, committed 9856K, reserved 1058816K
  class space    used 968K, capacity 1053K, committed 1152K, reserved 1048576K
}

