# JRE version: OpenJDK Runtime Environment AdoptOpenJDK (11.0.8+10) (build 11.0.8+10)
# Java VM: OpenJDK 64-Bit Server VM AdoptOpenJDK (11.0.8+10, mixed mode, tiered, compressed oops, g1 gc, linux-amd64)
Heap:
 garbage-first heap   total 256000K, used 200417K [0x0000000706000000, 0x0000000800000000)
  region size 1024K, 125 young (128000K), 2 survivors (2048K)
 Metaspace       used 9151K, capacity 9384K, committed 9600K, reserved 1058816K
  class space    used 962K, capacity 1045K, committed 1152K, reserved 1048576K
GC Heap History (16 events):
Event: 19.129 GC heap before
{Heap before GC invocations=0 (full 0):
 garbage-first heap   total 256000K, used 32768K [0x0000000706000000, 0x0000000800000000)
  region size 1024K, 24 young (24576K), 0 survivors (0K)
 Metaspace       used 8864K, capacity 9105K, committed 9344K, reserved 1056768K
  class space    used 951K, capacity 1044K, committed 1152K, reserved 1048576K
}
Event: 19.134 GC heap after
{Heap after GC invocations=1 (full 0):
 garbage-first heap   total 256000K, used 4710K [0x0000000706000000, 0x0000000800000000)
  region size 1024K, 2 young (2048K), 2 survivors (2048K)
 Metaspace       used 8864K, capacity 9105K, committed 9344K, reserved 1056768K
  class space    used 951K, capacity 1044K, committed 1152K, reserved 1048576K
}
Event: 22.973 GC heap before
{Heap before GC invocations=1 (full 0):
 garbage-first heap   total 256000K, used 236134K [0x0000000706000000, 0x0000000800000000)
  region size 1024K, 150 young (153600K), 2 survivors (2048K)
 Metaspace       used 8984K, capacity 9240K, committed 9600K, reserved 1058816K
  class space    used 960K, capacity 1045K, committed 1152K, reserved 1048576K
}
Event: 22.977 GC heap after
{Heap after GC invocations=2 (full 0):
 garbage-first heap   total 256000K, used 4741K [0x0000000706000000, 0x0000000800000000)
  region size 1024K, 2 young (2048K), 2 survivors (2048K)
 Metaspace       used 8984K, capacity 9240K, committed 9600K, reserved 1058816K
  class space    used 960K, capacity 1045K, committed 1152K, reserved 1048576K
}
Event: 26.845 GC heap before
{Heap before GC invocations=2 (full 0):
 garbage-first heap   total 256000K, used 242309K [0x0000000706000000, 0x0000000800000000)
  region size 1024K, 150 young (153600K), 2 survivors (2048K)
 Metaspace       used 9000K, capacity 9240K, committed 9600K, reserved 1058816K
  class space    used 960K, capacity 1045K, committed 1152K, reserved 1048576K
}
Event: 26.851 GC heap after
{Heap after GC invocations=3 (full 0):
 garbage-first heap   total 256000K, used 4775K [0x0000000706000000, 0x0000000800000000)
  region size 1024K, 2 young (2048K), 2 survivors (2048K)
 Metaspace       used 9000K, capacity 9240K, committed 9600K, reserved 1058816K
  class space    used 960K, capacity 1045K, committed 1152K, reserved 1048576K
}
Event: 30.874 GC heap before
{Heap before GC invocations=3 (full 0):
 garbage-first heap   total 256000K, used 245415K [0x0000000706000000, 0x0000000800000000)
  region size 1024K, 150 young (153600K), 2 survivors (2048K)
 Metaspace       used 9049K, capacity 9304K, committed 9600K, reserved 1058816K
  class space    used 962K, capacity 1045K, committed 1152K, reserved 1048576K
}
Event: 30.877 GC heap after
{Heap after GC invocations=4 (full 0):
 garbage-first heap   total 256000K, used 4801K [0x0000000706000000, 0x0000000800000000)
  region size 1024K, 2 young (2048K), 2 survivors (2048K)
 Metaspace       used 9049K, capacity 9304K, committed 9600K, reserved 1058816K
  class space    used 962K, capacity 1045K, committed 1152K, reserved 1048576K
}
Event: 34.853 GC heap before
{Heap before GC invocations=4 (full 0):
 garbage-first heap   total 256000K, used 245441K [0x0000000706000000, 0x0000000800000000)
  region size 1024K, 150 young (153600K), 2 survivors (2048K)
 Metaspace       used 9072K, capacity 9304K, committed 9600K, reserved 1058816K
  class space    used 962K, capacity 1045K, committed 1152K, reserved 1048576K
}
Event: 34.856 GC heap after
{Heap after GC invocations=5 (full 0):
 garbage-first heap   total 256000K, used 4788K [0x0000000706000000, 0x0000000800000000)
  region size 1024K, 2 young (2048K), 2 survivors (2048K)
 Metaspace       used 9072K, capacity 9304K, committed 9600K, reserved 1058816K
  class space    used 962K, capacity 1045K, committed 1152K, reserved 1048576K
}
Event: 38.915 GC heap before
{Heap before GC invocations=5 (full 0):
 garbage-first heap   total 256000K, used 242356K [0x0000000706000000, 0x0000000800000000)
  region size 1024K, 150 young (153600K), 2 survivors (2048K)
 Metaspace       used 9131K, capacity 9374K, committed 9600K, reserved 1058816K
  class space    used 962K, capacity 1045K, committed 1152K, reserved 1048576K
}
Event: 38.918 GC heap after
{Heap after GC invocations=6 (full 0):
 garbage-first heap   total 256000K, used 4815K [0x0000000706000000, 0x0000000800000000)
  region size 1024K, 2 young (2048K), 2 survivors (2048K)
 Metaspace       used 9131K, capacity 9374K, committed 9600K, reserved 1058816K
  class space    used 962K, capacity 1045K, committed 1152K, reserved 1048576K
}
Event: 42.764 GC heap before
{Heap before GC invocations=6 (full 0):
 garbage-first heap   total 256000K, used 242383K [0x0000000706000000, 0x0000000800000000)
  region size 1024K, 150 young (153600K), 2 survivors (2048K)
 Metaspace       used 9131K, capacity 9374K, committed 9600K, reserved 1058816K
  class space    used 962K, capacity 1045K, committed 1152K, reserved 1048576K
}
Event: 42.766 GC heap after
{Heap after GC invocations=7 (full 0):
 garbage-first heap   total 256000K, used 4819K [0x0000000706000000, 0x0000000800000000)
  region size 1024K, 2 young (2048K), 2 survivors (2048K)
 Metaspace       used 9131K, capacity 9374K, committed 9600K, reserved 1058816K
  class space    used 962K, capacity 1045K, committed 1152K, reserved 1048576K
}
Event: 46.863 GC heap before
{Heap before GC invocations=7 (full 0):
 garbage-first heap   total 256000K, used 245459K [0x0000000706000000, 0x0000000800000000)
  region size 1024K, 150 young (153600K), 2 survivors (2048K)
 Metaspace       used 9150K, capacity 9384K, committed 9600K, reserved 1058816K
  class space    used 962K, capacity 1045K, committed 1152K, reserved 1048576K
}
Event: 46.866 GC heap after
{Heap after GC invocations=8 (full 0):
 garbage-first heap   total 256000K, used 4833K [0x0000000706000000, 0x0000000800000000)
  region size 1024K, 2 young (2048K), 2 survivors (2048K)
 Metaspace       used 9150K, capacity 9384K, committed 9600K, reserved 1058816K
  class space    used 962K, capacity 1045K, committed 1152K, reserved 1048576K
}

