# JRE version: OpenJDK Runtime Environment AdoptOpenJDK (11.0.8+10) (build 11.0.8+10)
# Java VM: OpenJDK 64-Bit Server VM AdoptOpenJDK (11.0.8+10, mixed mode, tiered, compressed oops, g1 gc, linux-amd64)
Heap:
 garbage-first heap   total 256000K, used 33526K [0x0000000706000000, 0x0000000800000000)
  region size 1024K, 21 young (21504K), 1 survivors (1024K)
 Metaspace       used 9334K, capacity 9640K, committed 9856K, reserved 1058816K
  class space    used 969K, capacity 1085K, committed 1152K, reserved 1048576K
GC Heap History (20 events):
Event: 111.299 GC heap before
{Heap before GC invocations=23 (full 0):
 garbage-first heap   total 256000K, used 246462K [0x0000000706000000, 0x0000000800000000)
  region size 1024K, 150 young (153600K), 1 survivors (1024K)
 Metaspace       used 9334K, capacity 9640K, committed 9856K, reserved 1058816K
  class space    used 969K, capacity 1085K, committed 1152K, reserved 1048576K
}
Event: 111.302 GC heap after
{Heap after GC invocations=24 (full 0):
 garbage-first heap   total 256000K, used 4842K [0x0000000706000000, 0x0000000800000000)
  region size 1024K, 1 young (1024K), 1 survivors (1024K)
 Metaspace       used 9334K, capacity 9640K, committed 9856K, reserved 1058816K
  class space    used 969K, capacity 1085K, committed 1152K, reserved 1048576K
}
Event: 115.271 GC heap before
{Heap before GC invocations=24 (full 0):
 garbage-first heap   total 256000K, used 243434K [0x0000000706000000, 0x0000000800000000)
  region size 1024K, 150 young (153600K), 1 survivors (1024K)
 Metaspace       used 9334K, capacity 9640K, committed 9856K, reserved 1058816K
  class space    used 969K, capacity 1085K, committed 1152K, reserved 1048576K
}
Event: 115.273 GC heap after
{Heap after GC invocations=25 (full 0):
 garbage-first heap   total 256000K, used 4848K [0x0000000706000000, 0x0000000800000000)
  region size 1024K, 1 young (1024K), 1 survivors (1024K)
 Metaspace       used 9334K, capacity 9640K, committed 9856K, reserved 1058816K
  class space    used 969K, capacity 1085K, committed 1152K, reserved 1048576K
}
Event: 119.243 GC heap before
{Heap before GC invocations=25 (full 0):
 garbage-first heap   total 256000K, used 243440K [0x0000000706000000, 0x0000000800000000)
  region size 1024K, 150 young (153600K), 1 survivors (1024K)
 Metaspace       used 9334K, capacity 9640K, committed 9856K, reserved 1058816K
  class space    used 969K, capacity 1085K, committed 1152K, reserved 1048576K
}
Event: 119.245 GC heap after
{Heap after GC invocations=26 (full 0):
 garbage-first heap   total 256000K, used 4847K [0x0000000706000000, 0x0000000800000000)
  region size 1024K, 1 young (1024K), 1 survivors (1024K)
 Metaspace       used 9334K, capacity 9640K, committed 9856K, reserved 1058816K
  class space    used 969K, capacity 1085K, committed 1152K, reserved 1048576K
}
Event: 123.248 GC heap before
{Heap before GC invocations=26 (full 0):
 garbage-first heap   total 256000K, used 243439K [0x0000000706000000, 0x0000000800000000)
  region size 1024K, 150 young (153600K), 1 survivors (1024K)
 Metaspace       used 9334K, capacity 9640K, committed 9856K, reserved 1058816K
  class space    used 969K, capacity 1085K, committed 1152K, reserved 1048576K
}
Event: 123.250 GC heap after
{Heap after GC invocations=27 (full 0):
 garbage-first heap   total 256000K, used 4847K [0x0000000706000000, 0x0000000800000000)
  region size 1024K, 1 young (1024K), 1 survivors (1024K)
 Metaspace       used 9334K, capacity 9640K, committed 9856K, reserved 1058816K
  class space    used 969K, capacity 1085K, committed 1152K, reserved 1048576K
}
Event: 127.156 GC heap before
{Heap before GC invocations=27 (full 0):
 garbage-first heap   total 256000K, used 243439K [0x0000000706000000, 0x0000000800000000)
  region size 1024K, 150 young (153600K), 1 survivors (1024K)
 Metaspace       used 9334K, capacity 9640K, committed 9856K, reserved 1058816K
  class space    used 969K, capacity 1085K, committed 1152K, reserved 1048576K
}
Event: 127.158 GC heap after
{Heap after GC invocations=28 (full 0):
 garbage-first heap   total 256000K, used 4851K [0x0000000706000000, 0x0000000800000000)
  region size 1024K, 1 young (1024K), 1 survivors (1024K)
 Metaspace       used 9334K, capacity 9640K, committed 9856K, reserved 1058816K
  class space    used 969K, capacity 1085K, committed 1152K, reserved 1048576K
}
Event: 131.134 GC heap before
{Heap before GC invocations=28 (full 0):
 garbage-first heap   total 256000K, used 246515K [0x0000000706000000, 0x0000000800000000)
  region size 1024K, 150 young (153600K), 1 survivors (1024K)
 Metaspace       used 9334K, capacity 9640K, committed 9856K, reserved 1058816K
  class space    used 969K, capacity 1085K, committed 1152K, reserved 1048576K
}
Event: 131.137 GC heap after
{Heap after GC invocations=29 (full 0):
 garbage-first heap   total 256000K, used 4849K [0x0000000706000000, 0x0000000800000000)
  region size 1024K, 1 young (1024K), 1 survivors (1024K)
 Metaspace       used 9334K, capacity 9640K, committed 9856K, reserved 1058816K
  class space    used 969K, capacity 1085K, committed 1152K, reserved 1048576K
}
Event: 135.092 GC heap before
{Heap before GC invocations=29 (full 0):
 garbage-first heap   total 256000K, used 246513K [0x0000000706000000, 0x0000000800000000)
  region size 1024K, 150 young (153600K), 1 survivors (1024K)
 Metaspace       used 9334K, capacity 9640K, committed 9856K, reserved 1058816K
  class space    used 969K, capacity 1085K, committed 1152K, reserved 1048576K
}
Event: 135.095 GC heap after
{Heap after GC invocations=30 (full 0):
 garbage-first heap   total 256000K, used 4850K [0x0000000706000000, 0x0000000800000000)
  region size 1024K, 1 young (1024K), 1 survivors (1024K)
 Metaspace       used 9334K, capacity 9640K, committed 9856K, reserved 1058816K
  class space    used 969K, capacity 1085K, committed 1152K, reserved 1048576K
}
Event: 139.087 GC heap before
{Heap before GC invocations=30 (full 0):
 garbage-first heap   total 256000K, used 243442K [0x0000000706000000, 0x0000000800000000)
  region size 1024K, 150 young (153600K), 1 survivors (1024K)
 Metaspace       used 9334K, capacity 9640K, committed 9856K, reserved 1058816K
  class space    used 969K, capacity 1085K, committed 1152K, reserved 1048576K
}
Event: 139.088 GC heap after
{Heap after GC invocations=31 (full 0):
 garbage-first heap   total 256000K, used 4854K [0x0000000706000000, 0x0000000800000000)
  region size 1024K, 1 young (1024K), 1 survivors (1024K)
 Metaspace       used 9334K, capacity 9640K, committed 9856K, reserved 1058816K
  class space    used 969K, capacity 1085K, committed 1152K, reserved 1048576K
}
Event: 143.091 GC heap before
{Heap before GC invocations=31 (full 0):
 garbage-first heap   total 256000K, used 243446K [0x0000000706000000, 0x0000000800000000)
  region size 1024K, 150 young (153600K), 1 survivors (1024K)
 Metaspace       used 9334K, capacity 9640K, committed 9856K, reserved 1058816K
  class space    used 969K, capacity 1085K, committed 1152K, reserved 1048576K
}
Event: 143.094 GC heap after
{Heap after GC invocations=32 (full 0):
 garbage-first heap   total 256000K, used 4854K [0x0000000706000000, 0x0000000800000000)
  region size 1024K, 1 young (1024K), 1 survivors (1024K)
 Metaspace       used 9334K, capacity 9640K, committed 9856K, reserved 1058816K
  class space    used 969K, capacity 1085K, committed 1152K, reserved 1048576K
}
Event: 147.152 GC heap before
{Heap before GC invocations=32 (full 0):
 garbage-first heap   total 256000K, used 246518K [0x0000000706000000, 0x0000000800000000)
  region size 1024K, 150 young (153600K), 1 survivors (1024K)
 Metaspace       used 9334K, capacity 9640K, committed 9856K, reserved 1058816K
  class space    used 969K, capacity 1085K, committed 1152K, reserved 1048576K
}
Event: 147.154 GC heap after
{Heap after GC invocations=33 (full 0):
 garbage-first heap   total 256000K, used 4854K [0x0000000706000000, 0x0000000800000000)
  region size 1024K, 1 young (1024K), 1 survivors (1024K)
 Metaspace       used 9334K, capacity 9640K, committed 9856K, reserved 1058816K
  class space    used 969K, capacity 1085K, committed 1152K, reserved 1048576K
}

